<?xml version="1.0" encoding="UTF-8"?>
<testng-results skipped="1" failed="1" total="4" passed="2">
  <reporter-output>
  </reporter-output>
  <suite name="Default suite" duration-ms="35921" started-at="2018-05-28T16:53:25Z" finished-at="2018-05-28T16:54:01Z">
    <groups>
    </groups>
    <test name="Default test" duration-ms="35921" started-at="2018-05-28T16:53:25Z" finished-at="2018-05-28T16:54:01Z">
      <class name="com.Trivago.Room5.TestDriver">
        <test-method status="PASS" signature="startBrowser()[pri:0, instance:com.Trivago.Room5.TestDriver@28d25987]" name="startBrowser" is-config="true" duration-ms="535" started-at="2018-05-28T22:23:24Z" finished-at="2018-05-28T22:23:25Z">
          <reporter-output>
          </reporter-output>
        </test-method> <!-- startBrowser -->
        <test-method status="PASS" signature="startTest()[pri:0, instance:com.Trivago.Room5.TestDriver@28d25987]" name="startTest" is-config="true" duration-ms="21032" started-at="2018-05-28T22:23:25Z" finished-at="2018-05-28T22:23:46Z">
          <reporter-output>
          </reporter-output>
        </test-method> <!-- startTest -->
        <test-method status="PASS" signature="searchLocation()[pri:0, instance:com.Trivago.Room5.TestDriver@28d25987]" name="searchLocation" duration-ms="3937" started-at="2018-05-28T22:23:46Z" finished-at="2018-05-28T22:23:50Z">
          <reporter-output>
          </reporter-output>
        </test-method> <!-- searchLocation -->
        <test-method status="PASS" signature="getResult(org.testng.ITestResult)[pri:0, instance:com.Trivago.Room5.TestDriver@28d25987]" name="getResult" is-config="true" duration-ms="15" started-at="2018-05-28T22:23:50Z" finished-at="2018-05-28T22:23:50Z">
          <params>
            <param index="0">
              <value>
                <![CDATA[[TestResult name=searchLocation status=SUCCESS method=TestDriver.searchLocation()[pri:0, instance:com.Trivago.Room5.TestDriver@28d25987] output={null}]]]>
              </value>
            </param>
          </params>
          <reporter-output>
          </reporter-output>
        </test-method> <!-- getResult -->
        <test-method status="PASS" signature="contactDetails()[pri:1, instance:com.Trivago.Room5.TestDriver@28d25987]" name="contactDetails" duration-ms="10547" started-at="2018-05-28T22:23:50Z" finished-at="2018-05-28T22:24:01Z">
          <reporter-output>
          </reporter-output>
        </test-method> <!-- contactDetails -->
        <test-method status="FAIL" signature="demoFailTest()[pri:2, instance:com.Trivago.Room5.TestDriver@28d25987]" name="demoFailTest" duration-ms="0" started-at="2018-05-28T22:24:01Z" finished-at="2018-05-28T22:24:01Z">
          <exception class="java.lang.AssertionError">
            <full-stacktrace>
              <![CDATA[java.lang.AssertionError: 
	at org.testng.AssertJUnit.fail(AssertJUnit.java:59)
	at org.testng.AssertJUnit.assertTrue(AssertJUnit.java:24)
	at org.testng.AssertJUnit.assertTrue(AssertJUnit.java:33)
	at com.Trivago.Room5.TestDriver.demoFailTest(TestDriver.java:266)
	at sun.reflect.NativeMethodAccessorImpl.invoke0(Native Method)
	at sun.reflect.NativeMethodAccessorImpl.invoke(Unknown Source)
	at sun.reflect.DelegatingMethodAccessorImpl.invoke(Unknown Source)
	at java.lang.reflect.Method.invoke(Unknown Source)
	at org.testng.internal.MethodInvocationHelper.invokeMethod(MethodInvocationHelper.java:85)
	at org.testng.internal.Invoker.invokeMethod(Invoker.java:639)
	at org.testng.internal.Invoker.invokeTestMethod(Invoker.java:816)
	at org.testng.internal.Invoker.invokeTestMethods(Invoker.java:1124)
	at org.testng.internal.TestMethodWorker.invokeTestMethods(TestMethodWorker.java:125)
	at org.testng.internal.TestMethodWorker.run(TestMethodWorker.java:108)
	at org.testng.TestRunner.privateRun(TestRunner.java:774)
	at org.testng.TestRunner.run(TestRunner.java:624)
	at org.testng.SuiteRunner.runTest(SuiteRunner.java:359)
	at org.testng.SuiteRunner.runSequentially(SuiteRunner.java:354)
	at org.testng.SuiteRunner.privateRun(SuiteRunner.java:312)
	at org.testng.SuiteRunner.run(SuiteRunner.java:261)
	at org.testng.SuiteRunnerWorker.runSuite(SuiteRunnerWorker.java:52)
	at org.testng.SuiteRunnerWorker.run(SuiteRunnerWorker.java:86)
	at org.testng.TestNG.runSuitesSequentially(TestNG.java:1215)
	at org.testng.TestNG.runSuitesLocally(TestNG.java:1140)
	at org.testng.TestNG.run(TestNG.java:1048)
	at org.testng.remote.AbstractRemoteTestNG.run(AbstractRemoteTestNG.java:114)
	at org.testng.remote.RemoteTestNG.initAndRun(RemoteTestNG.java:251)
	at org.testng.remote.RemoteTestNG.main(RemoteTestNG.java:77)
]]>
            </full-stacktrace>
          </exception> <!-- java.lang.AssertionError -->
          <reporter-output>
          </reporter-output>
        </test-method> <!-- demoFailTest -->
        <test-method status="PASS" signature="getResult(org.testng.ITestResult)[pri:0, instance:com.Trivago.Room5.TestDriver@28d25987]" name="getResult" is-config="true" duration-ms="0" started-at="2018-05-28T22:24:01Z" finished-at="2018-05-28T22:24:01Z">
          <params>
            <param index="0">
              <value>
                <![CDATA[[TestResult name=contactDetails status=SUCCESS method=TestDriver.contactDetails()[pri:1, instance:com.Trivago.Room5.TestDriver@28d25987] output={null}]]]>
              </value>
            </param>
          </params>
          <reporter-output>
          </reporter-output>
        </test-method> <!-- getResult -->
        <test-method status="SKIP" signature="demoSkipTest()[pri:3, instance:com.Trivago.Room5.TestDriver@28d25987]" name="demoSkipTest" duration-ms="0" started-at="2018-05-28T22:24:01Z" finished-at="2018-05-28T22:24:01Z">
          <exception class="org.testng.SkipException">
            <message>
              <![CDATA[Skipping]]>
            </message>
            <full-stacktrace>
              <![CDATA[org.testng.SkipException: Skipping
	at com.Trivago.Room5.TestDriver.demoSkipTest(TestDriver.java:273)
	at sun.reflect.NativeMethodAccessorImpl.invoke0(Native Method)
	at sun.reflect.NativeMethodAccessorImpl.invoke(Unknown Source)
	at sun.reflect.DelegatingMethodAccessorImpl.invoke(Unknown Source)
	at java.lang.reflect.Method.invoke(Unknown Source)
	at org.testng.internal.MethodInvocationHelper.invokeMethod(MethodInvocationHelper.java:85)
	at org.testng.internal.Invoker.invokeMethod(Invoker.java:639)
	at org.testng.internal.Invoker.invokeTestMethod(Invoker.java:816)
	at org.testng.internal.Invoker.invokeTestMethods(Invoker.java:1124)
	at org.testng.internal.TestMethodWorker.invokeTestMethods(TestMethodWorker.java:125)
	at org.testng.internal.TestMethodWorker.run(TestMethodWorker.java:108)
	at org.testng.TestRunner.privateRun(TestRunner.java:774)
	at org.testng.TestRunner.run(TestRunner.java:624)
	at org.testng.SuiteRunner.runTest(SuiteRunner.java:359)
	at org.testng.SuiteRunner.runSequentially(SuiteRunner.java:354)
	at org.testng.SuiteRunner.privateRun(SuiteRunner.java:312)
	at org.testng.SuiteRunner.run(SuiteRunner.java:261)
	at org.testng.SuiteRunnerWorker.runSuite(SuiteRunnerWorker.java:52)
	at org.testng.SuiteRunnerWorker.run(SuiteRunnerWorker.java:86)
	at org.testng.TestNG.runSuitesSequentially(TestNG.java:1215)
	at org.testng.TestNG.runSuitesLocally(TestNG.java:1140)
	at org.testng.TestNG.run(TestNG.java:1048)
	at org.testng.remote.AbstractRemoteTestNG.run(AbstractRemoteTestNG.java:114)
	at org.testng.remote.RemoteTestNG.initAndRun(RemoteTestNG.java:251)
	at org.testng.remote.RemoteTestNG.main(RemoteTestNG.java:77)
]]>
            </full-stacktrace>
          </exception> <!-- org.testng.SkipException -->
          <reporter-output>
          </reporter-output>
        </test-method> <!-- demoSkipTest -->
        <test-method status="PASS" signature="getResult(org.testng.ITestResult)[pri:0, instance:com.Trivago.Room5.TestDriver@28d25987]" name="getResult" is-config="true" duration-ms="0" started-at="2018-05-28T22:24:01Z" finished-at="2018-05-28T22:24:01Z">
          <params>
            <param index="0">
              <value>
                <![CDATA[[TestResult name=demoSkipTest status=SKIP method=TestDriver.demoSkipTest()[pri:3, instance:com.Trivago.Room5.TestDriver@28d25987] output={null}]]]>
              </value>
            </param>
          </params>
          <reporter-output>
          </reporter-output>
        </test-method> <!-- getResult -->
        <test-method status="PASS" signature="getResult(org.testng.ITestResult)[pri:0, instance:com.Trivago.Room5.TestDriver@28d25987]" name="getResult" is-config="true" duration-ms="0" started-at="2018-05-28T22:24:01Z" finished-at="2018-05-28T22:24:01Z">
          <params>
            <param index="0">
              <value>
                <![CDATA[[TestResult name=demoFailTest status=FAILURE method=TestDriver.demoFailTest()[pri:2, instance:com.Trivago.Room5.TestDriver@28d25987] output={null}]]]>
              </value>
            </param>
          </params>
          <reporter-output>
          </reporter-output>
        </test-method> <!-- getResult -->
        <test-method status="PASS" signature="endReport()[pri:0, instance:com.Trivago.Room5.TestDriver@28d25987]" name="endReport" is-config="true" duration-ms="344" started-at="2018-05-28T22:24:01Z" finished-at="2018-05-28T22:24:01Z">
          <reporter-output>
          </reporter-output>
        </test-method> <!-- endReport -->
        <test-method status="PASS" signature="killBrowser()[pri:0, instance:com.Trivago.Room5.TestDriver@28d25987]" name="killBrowser" is-config="true" duration-ms="416" started-at="2018-05-28T22:24:01Z" finished-at="2018-05-28T22:24:01Z">
          <reporter-output>
          </reporter-output>
        </test-method> <!-- killBrowser -->
      </class> <!-- com.Trivago.Room5.TestDriver -->
    </test> <!-- Default test -->
  </suite> <!-- Default suite -->
</testng-results>
